{"name": "test_homepage_validation", "status": "broken", "statusDetails": {"message": "selenium.common.exceptions.ElementClickInterceptedException: Message: element click intercepted: Element is not clickable at point (858, 854)\n  (Session info: chrome=131.0.6778.140)\nStacktrace:\n\tGetHandleVerifier [0x00007FF68DA7FB05+28789]\n\t(No symbol) [0x00007FF68D9E86E0]\n\t(No symbol) [0x00007FF68D88592A]\n\t(No symbol) [0x00007FF68D8E0FDE]\n\t(No symbol) [0x00007FF68D8DEA7C]\n\t(No symbol) [0x00007FF68D8DBC46]\n\t(No symbol) [0x00007FF68D8DABA1]\n\t(No symbol) [0x00007FF68D8CCD60]\n\t(No symbol) [0x00007FF68D8FF43A]\n\t(No symbol) [0x00007FF68D8CC5B6]\n\t(No symbol) [0x00007FF68D8FF650]\n\t(No symbol) [0x00007FF68D91F654]\n\t(No symbol) [0x00007FF68D8FF1E3]\n\t(No symbol) [0x00007FF68D8CA938]\n\t(No symbol) [0x00007FF68D8CBAA1]\n\tGetHandleVerifier [0x00007FF68DDB933D+3410093]\n\tGetHandleVerifier [0x00007FF68DDCE7DD+3497293]\n\tGetHandleVerifier [0x00007FF68DDC2A73+3448803]\n\tGetHandleVerifier [0x00007FF68DB47BBB+848171]\n\t(No symbol) [0x00007FF68D9F3C3F]\n\t(No symbol) [0x00007FF68D9EF6E4]\n\t(No symbol) [0x00007FF68D9EF87D]\n\t(No symbol) [0x00007FF68D9DED49]\n\tBaseThreadInitThunk [0x00007FF8CE20259D+29]\n\tRtlUserThreadStart [0x00007FF8CFE6AF38+40]", "trace": "self = <Test_scripts.Test_Stakify.Test_Stakify_e2e object at 0x000001F226857250>\nreadJson = {'Email': 'jayannajay7@gmail.com', 'First_name': 'jayanna', 'Last_name': 'C', 'Note': 'Note added', ...}\n\n    def test_homepage_validation(self, readJson):\n        homepage = Stakify_page_object(self.driver)  # Activating the driver which we have created in supporting file (qualitrix_page_object.py).\n        homepage.launch_the_app(readJson['stakify_url'])\n        homepage.test_validate_url(readJson)\n        homepage.validate_headermenu()\n        homepage.test_mouseoveraction()\n        homepage.test_click_languages()\n        homepage.test_click_ruby()\n        homepage.test_validate_checkboxes()\n        homepage.click_review_doc_link()\n        homepage.test_validating_buttons()\n>       homepage.test_schedule_demo()\n\nTest_scripts\\Test_Stakify.py:23: \n_ _ _ _ _ _ _ _ _ _ _ _ _ _ _ _ _ _ _ _ _ _ _ _ _ _ _ _ _ _ _ _ _ _ _ _ _ _ _ _ _ _ _ _ _ _ _ _ _ _ _ _ _ _ _ _ _ _ _ _ _ _ _ _ _ _ _ _ _ _\nPage_objects\\Stackify_pageobjects.py:149: in test_schedule_demo\n    self.driver.find_element(By.XPATH,Stackify_locators.schedule_demo()).click()\n..\\jay_pythonbasic_learning\\.venv\\Lib\\site-packages\\selenium\\webdriver\\remote\\webelement.py:94: in click\n    self._execute(Command.CLICK_ELEMENT)\n..\\jay_pythonbasic_learning\\.venv\\Lib\\site-packages\\selenium\\webdriver\\remote\\webelement.py:402: in _execute\n    return self._parent.execute(command, params)\n..\\jay_pythonbasic_learning\\.venv\\Lib\\site-packages\\selenium\\webdriver\\remote\\webdriver.py:384: in execute\n    self.error_handler.check_response(response)\n_ _ _ _ _ _ _ _ _ _ _ _ _ _ _ _ _ _ _ _ _ _ _ _ _ _ _ _ _ _ _ _ _ _ _ _ _ _ _ _ _ _ _ _ _ _ _ _ _ _ _ _ _ _ _ _ _ _ _ _ _ _ _ _ _ _ _ _ _ _\n\nself = <selenium.webdriver.remote.errorhandler.ErrorHandler object at 0x000001F2268E1FD0>\nresponse = {'status': 400, 'value': '{\"value\":{\"error\":\"element click intercepted\",\"message\":\"element click intercepted: Element ...07FF68D9DED49]\\\\n\\\\tBaseThreadInitThunk [0x00007FF8CE20259D+29]\\\\n\\\\tRtlUserThreadStart [0x00007FF8CFE6AF38+40]\\\\n\"}}'}\n\n    def check_response(self, response: Dict[str, Any]) -> None:\n        \"\"\"Checks that a JSON response from the WebDriver does not have an\n        error.\n    \n        :Args:\n         - response - The JSON response from the WebDriver server as a dictionary\n           object.\n    \n        :Raises: If the response contains an error message.\n        \"\"\"\n        status = response.get(\"status\", None)\n        if not status or status == ErrorCode.SUCCESS:\n            return\n        value = None\n        message = response.get(\"message\", \"\")\n        screen: str = response.get(\"screen\", \"\")\n        stacktrace = None\n        if isinstance(status, int):\n            value_json = response.get(\"value\", None)\n            if value_json and isinstance(value_json, str):\n                import json\n    \n                try:\n                    value = json.loads(value_json)\n                    if len(value) == 1:\n                        value = value[\"value\"]\n                    status = value.get(\"error\", None)\n                    if not status:\n                        status = value.get(\"status\", ErrorCode.UNKNOWN_ERROR)\n                        message = value.get(\"value\") or value.get(\"message\")\n                        if not isinstance(message, str):\n                            value = message\n                            message = message.get(\"message\")\n                    else:\n                        message = value.get(\"message\", None)\n                except ValueError:\n                    pass\n    \n        exception_class: Type[WebDriverException]\n        e = ErrorCode()\n        error_codes = [item for item in dir(e) if not item.startswith(\"__\")]\n        for error_code in error_codes:\n            error_info = getattr(ErrorCode, error_code)\n            if isinstance(error_info, list) and status in error_info:\n                exception_class = getattr(ExceptionMapping, error_code, WebDriverException)\n                break\n        else:\n            exception_class = WebDriverException\n    \n        if not value:\n            value = response[\"value\"]\n        if isinstance(value, str):\n            raise exception_class(value)\n        if message == \"\" and \"message\" in value:\n            message = value[\"message\"]\n    \n        screen = None  # type: ignore[assignment]\n        if \"screen\" in value:\n            screen = value[\"screen\"]\n    \n        stacktrace = None\n        st_value = value.get(\"stackTrace\") or value.get(\"stacktrace\")\n        if st_value:\n            if isinstance(st_value, str):\n                stacktrace = st_value.split(\"\\n\")\n            else:\n                stacktrace = []\n                try:\n                    for frame in st_value:\n                        line = frame.get(\"lineNumber\", \"\")\n                        file = frame.get(\"fileName\", \"<anonymous>\")\n                        if line:\n                            file = f\"{file}:{line}\"\n                        meth = frame.get(\"methodName\", \"<anonymous>\")\n                        if \"className\" in frame:\n                            meth = f\"{frame['className']}.{meth}\"\n                        msg = \"    at %s (%s)\"\n                        msg = msg % (meth, file)\n                        stacktrace.append(msg)\n                except TypeError:\n                    pass\n        if exception_class == UnexpectedAlertPresentException:\n            alert_text = None\n            if \"data\" in value:\n                alert_text = value[\"data\"].get(\"text\")\n            elif \"alert\" in value:\n                alert_text = value[\"alert\"].get(\"text\")\n            raise exception_class(message, screen, stacktrace, alert_text)  # type: ignore[call-arg]  # mypy is not smart enough here\n>       raise exception_class(message, screen, stacktrace)\nE       selenium.common.exceptions.ElementClickInterceptedException: Message: element click intercepted: Element is not clickable at point (858, 854)\nE         (Session info: chrome=131.0.6778.140)\nE       Stacktrace:\nE       \tGetHandleVerifier [0x00007FF68DA7FB05+28789]\nE       \t(No symbol) [0x00007FF68D9E86E0]\nE       \t(No symbol) [0x00007FF68D88592A]\nE       \t(No symbol) [0x00007FF68D8E0FDE]\nE       \t(No symbol) [0x00007FF68D8DEA7C]\nE       \t(No symbol) [0x00007FF68D8DBC46]\nE       \t(No symbol) [0x00007FF68D8DABA1]\nE       \t(No symbol) [0x00007FF68D8CCD60]\nE       \t(No symbol) [0x00007FF68D8FF43A]\nE       \t(No symbol) [0x00007FF68D8CC5B6]\nE       \t(No symbol) [0x00007FF68D8FF650]\nE       \t(No symbol) [0x00007FF68D91F654]\nE       \t(No symbol) [0x00007FF68D8FF1E3]\nE       \t(No symbol) [0x00007FF68D8CA938]\nE       \t(No symbol) [0x00007FF68D8CBAA1]\nE       \tGetHandleVerifier [0x00007FF68DDB933D+3410093]\nE       \tGetHandleVerifier [0x00007FF68DDCE7DD+3497293]\nE       \tGetHandleVerifier [0x00007FF68DDC2A73+3448803]\nE       \tGetHandleVerifier [0x00007FF68DB47BBB+848171]\nE       \t(No symbol) [0x00007FF68D9F3C3F]\nE       \t(No symbol) [0x00007FF68D9EF6E4]\nE       \t(No symbol) [0x00007FF68D9EF87D]\nE       \t(No symbol) [0x00007FF68D9DED49]\nE       \tBaseThreadInitThunk [0x00007FF8CE20259D+29]\nE       \tRtlUserThreadStart [0x00007FF8CFE6AF38+40]\n\n..\\jay_pythonbasic_learning\\.venv\\Lib\\site-packages\\selenium\\webdriver\\remote\\errorhandler.py:232: ElementClickInterceptedException"}, "attachments": [{"name": "stdout", "source": "d8fec71d-f6e3-4c16-8af5-9cedd86a0d96-attachment.txt", "type": "text/plain"}], "start": 1734930441387, "stop": 1734930483971, "uuid": "7e55758b-83b7-44ac-b854-d2d99d2448fb", "historyId": "2393f4ccffd77055625fee7edbe16d29", "testCaseId": "2393f4ccffd77055625fee7edbe16d29", "fullName": "Test_scripts.Test_Stakify.Test_Stakify_e2e#test_homepage_validation", "labels": [{"name": "tag", "value": "@pytest.mark.usefixtures('browser_crbt')"}, {"name": "parentSuite", "value": "Test_scripts"}, {"name": "suite", "value": "Test_Stakify"}, {"name": "subSuite", "value": "Test_Stakify_e2e"}, {"name": "host", "value": "Jayanna"}, {"name": "thread", "value": "41392-MainThread"}, {"name": "framework", "value": "pytest"}, {"name": "language", "value": "cpython3"}, {"name": "package", "value": "Test_scripts.Test_Stakify"}]}