{"name": "test_homepage_validation", "status": "broken", "statusDetails": {"message": "selenium.common.exceptions.NoSuchElementException: Message: no such element: Unable to locate element: {\"method\":\"xpath\",\"selector\":\"//input[@value='Schedule Demo']\"}\n  (Session info: MicrosoftEdge=131.0.2903.99); For documentation on this error, please visit: https://www.selenium.dev/documentation/webdriver/troubleshooting/errors#no-such-element-exception\nStacktrace:\n\t(No symbol) [0x00007FF65EBE6B05]\n\tMicrosoft::Applications::Events::EventProperty::empty [0x00007FF65EF0F464+1437348]\n\tsqlite3_dbdata_init [0x00007FF65EFB2DB6+643206]\n\t(No symbol) [0x00007FF65EB0C9DB]\n\t(No symbol) [0x00007FF65EB0CAE3]\n\t(No symbol) [0x00007FF65EB492F7]\n\t(No symbol) [0x00007FF65EB2C1DF]\n\t(No symbol) [0x00007FF65EB03437]\n\t(No symbol) [0x00007FF65EB46BFF]\n\t(No symbol) [0x00007FF65EB2BE03]\n\t(No symbol) [0x00007FF65EB02984]\n\t(No symbol) [0x00007FF65EB01E30]\n\t(No symbol) [0x00007FF65EB02571]\n\tMicrosoft::Applications::Events::EventProperty::empty [0x00007FF65EEBBAF4+1094964]\n\t(No symbol) [0x00007FF65EC232B8]\n\tMicrosoft::Applications::Events::EventProperty::empty [0x00007FF65EEBAF33+1091955]\n\tMicrosoft::Applications::Events::EventProperty::empty [0x00007FF65EEBAA99+1090777]\n\tMicrosoft::Applications::Events::ILogConfiguration::operator* [0x00007FF65ECC0CA1+461553]\n\tMicrosoft::Applications::Events::ILogConfiguration::operator* [0x00007FF65ECBC9C4+444436]\n\tMicrosoft::Applications::Events::ILogConfiguration::operator* [0x00007FF65ECBCB09+444761]\n\tMicrosoft::Applications::Events::ILogConfiguration::operator* [0x00007FF65ECB2186+401366]\n\tBaseThreadInitThunk [0x00007FFF5D27259D+29]\n\tRtlUserThreadStart [0x00007FFF5E4AAF38+40]", "trace": "self = <Test_scripts.Test_Stakify.Test_Stakify_e2e object at 0x00000218DCC23110>\nreadJson = {'Email': 'jayannajay7@gmail.com', 'First_name': 'jayanna', 'Last_name': 'C', 'Note': 'Note added', ...}\n\n    def test_homepage_validation(self, readJson):\n        homepage = Stakify_page_object(self.driver)  # Activating the driver which we have created in supporting file (qualitrix_page_object.py).\n        homepage.launch_the_app(readJson['stakify_url'])\n        homepage.test_validate_url(readJson)\n        homepage.validate_headermenu()\n        homepage.test_mouseoveraction()\n        homepage.test_click_languages()\n        homepage.test_click_ruby()\n        homepage.test_validate_checkboxes()\n        homepage.click_review_doc_link()\n        homepage.test_validating_buttons()\n>       homepage.test_schedule_demo()\n\nTest_scripts\\Test_Stakify.py:23: \n_ _ _ _ _ _ _ _ _ _ _ _ _ _ _ _ _ _ _ _ _ _ _ _ _ _ _ _ _ _ _ _ _ _ _ _ _ _ _ _ _ _ _ _ _ _ _ _ _ _ _ _ _ _ _ _ _ _ _ _ _ _ _ _ _ _ _ _ _ _ _ \nPage_objects\\Stackify_pageobjects.py:145: in test_schedule_demo\n    self.driver.find_element(By.XPATH,Stackify_locators.schedule_demo()).click()\n.venv\\Lib\\site-packages\\selenium\\webdriver\\remote\\webdriver.py:770: in find_element\n    return self.execute(Command.FIND_ELEMENT, {\"using\": by, \"value\": value})[\"value\"]\n.venv\\Lib\\site-packages\\selenium\\webdriver\\remote\\webdriver.py:384: in execute\n    self.error_handler.check_response(response)\n_ _ _ _ _ _ _ _ _ _ _ _ _ _ _ _ _ _ _ _ _ _ _ _ _ _ _ _ _ _ _ _ _ _ _ _ _ _ _ _ _ _ _ _ _ _ _ _ _ _ _ _ _ _ _ _ _ _ _ _ _ _ _ _ _ _ _ _ _ _ _ \n\nself = <selenium.webdriver.remote.errorhandler.ErrorHandler object at 0x00000218DCCDCD70>\nresponse = {'status': 404, 'value': '{\"value\":{\"error\":\"no such element\",\"message\":\"no such element: Unable to locate element: {\\...CB2186+401366]\\\\n\\\\tBaseThreadInitThunk [0x00007FFF5D27259D+29]\\\\n\\\\tRtlUserThreadStart [0x00007FFF5E4AAF38+40]\\\\n\"}}'}\n\n    def check_response(self, response: Dict[str, Any]) -> None:\n        \"\"\"Checks that a JSON response from the WebDriver does not have an\n        error.\n    \n        :Args:\n         - response - The JSON response from the WebDriver server as a dictionary\n           object.\n    \n        :Raises: If the response contains an error message.\n        \"\"\"\n        status = response.get(\"status\", None)\n        if not status or status == ErrorCode.SUCCESS:\n            return\n        value = None\n        message = response.get(\"message\", \"\")\n        screen: str = response.get(\"screen\", \"\")\n        stacktrace = None\n        if isinstance(status, int):\n            value_json = response.get(\"value\", None)\n            if value_json and isinstance(value_json, str):\n                import json\n    \n                try:\n                    value = json.loads(value_json)\n                    if len(value) == 1:\n                        value = value[\"value\"]\n                    status = value.get(\"error\", None)\n                    if not status:\n                        status = value.get(\"status\", ErrorCode.UNKNOWN_ERROR)\n                        message = value.get(\"value\") or value.get(\"message\")\n                        if not isinstance(message, str):\n                            value = message\n                            message = message.get(\"message\")\n                    else:\n                        message = value.get(\"message\", None)\n                except ValueError:\n                    pass\n    \n        exception_class: Type[WebDriverException]\n        e = ErrorCode()\n        error_codes = [item for item in dir(e) if not item.startswith(\"__\")]\n        for error_code in error_codes:\n            error_info = getattr(ErrorCode, error_code)\n            if isinstance(error_info, list) and status in error_info:\n                exception_class = getattr(ExceptionMapping, error_code, WebDriverException)\n                break\n        else:\n            exception_class = WebDriverException\n    \n        if not value:\n            value = response[\"value\"]\n        if isinstance(value, str):\n            raise exception_class(value)\n        if message == \"\" and \"message\" in value:\n            message = value[\"message\"]\n    \n        screen = None  # type: ignore[assignment]\n        if \"screen\" in value:\n            screen = value[\"screen\"]\n    \n        stacktrace = None\n        st_value = value.get(\"stackTrace\") or value.get(\"stacktrace\")\n        if st_value:\n            if isinstance(st_value, str):\n                stacktrace = st_value.split(\"\\n\")\n            else:\n                stacktrace = []\n                try:\n                    for frame in st_value:\n                        line = frame.get(\"lineNumber\", \"\")\n                        file = frame.get(\"fileName\", \"<anonymous>\")\n                        if line:\n                            file = f\"{file}:{line}\"\n                        meth = frame.get(\"methodName\", \"<anonymous>\")\n                        if \"className\" in frame:\n                            meth = f\"{frame['className']}.{meth}\"\n                        msg = \"    at %s (%s)\"\n                        msg = msg % (meth, file)\n                        stacktrace.append(msg)\n                except TypeError:\n                    pass\n        if exception_class == UnexpectedAlertPresentException:\n            alert_text = None\n            if \"data\" in value:\n                alert_text = value[\"data\"].get(\"text\")\n            elif \"alert\" in value:\n                alert_text = value[\"alert\"].get(\"text\")\n            raise exception_class(message, screen, stacktrace, alert_text)  # type: ignore[call-arg]  # mypy is not smart enough here\n>       raise exception_class(message, screen, stacktrace)\nE       selenium.common.exceptions.NoSuchElementException: Message: no such element: Unable to locate element: {\"method\":\"xpath\",\"selector\":\"//input[@value='Schedule Demo']\"}\nE         (Session info: MicrosoftEdge=131.0.2903.99); For documentation on this error, please visit: https://www.selenium.dev/documentation/webdriver/troubleshooting/errors#no-such-element-exception\nE       Stacktrace:\nE       \t(No symbol) [0x00007FF65EBE6B05]\nE       \tMicrosoft::Applications::Events::EventProperty::empty [0x00007FF65EF0F464+1437348]\nE       \tsqlite3_dbdata_init [0x00007FF65EFB2DB6+643206]\nE       \t(No symbol) [0x00007FF65EB0C9DB]\nE       \t(No symbol) [0x00007FF65EB0CAE3]\nE       \t(No symbol) [0x00007FF65EB492F7]\nE       \t(No symbol) [0x00007FF65EB2C1DF]\nE       \t(No symbol) [0x00007FF65EB03437]\nE       \t(No symbol) [0x00007FF65EB46BFF]\nE       \t(No symbol) [0x00007FF65EB2BE03]\nE       \t(No symbol) [0x00007FF65EB02984]\nE       \t(No symbol) [0x00007FF65EB01E30]\nE       \t(No symbol) [0x00007FF65EB02571]\nE       \tMicrosoft::Applications::Events::EventProperty::empty [0x00007FF65EEBBAF4+1094964]\nE       \t(No symbol) [0x00007FF65EC232B8]\nE       \tMicrosoft::Applications::Events::EventProperty::empty [0x00007FF65EEBAF33+1091955]\nE       \tMicrosoft::Applications::Events::EventProperty::empty [0x00007FF65EEBAA99+1090777]\nE       \tMicrosoft::Applications::Events::ILogConfiguration::operator* [0x00007FF65ECC0CA1+461553]\nE       \tMicrosoft::Applications::Events::ILogConfiguration::operator* [0x00007FF65ECBC9C4+444436]\nE       \tMicrosoft::Applications::Events::ILogConfiguration::operator* [0x00007FF65ECBCB09+444761]\nE       \tMicrosoft::Applications::Events::ILogConfiguration::operator* [0x00007FF65ECB2186+401366]\nE       \tBaseThreadInitThunk [0x00007FFF5D27259D+29]\nE       \tRtlUserThreadStart [0x00007FFF5E4AAF38+40]\n\n.venv\\Lib\\site-packages\\selenium\\webdriver\\remote\\errorhandler.py:232: NoSuchElementException"}, "attachments": [{"name": "stdout", "source": "09a5c2f3-accf-43fe-ad53-5a194df90d96-attachment.txt", "type": "text/plain"}], "start": 1734257204540, "stop": 1734257249043, "uuid": "f4c47250-c46c-4925-ac90-c3aee23c2051", "historyId": "2393f4ccffd77055625fee7edbe16d29", "testCaseId": "2393f4ccffd77055625fee7edbe16d29", "fullName": "Test_scripts.Test_Stakify.Test_Stakify_e2e#test_homepage_validation", "labels": [{"name": "tag", "value": "@pytest.mark.usefixtures('browser_crbt')"}, {"name": "parentSuite", "value": "Test_scripts"}, {"name": "suite", "value": "Test_Stakify"}, {"name": "subSuite", "value": "Test_Stakify_e2e"}, {"name": "host", "value": "Jayanna"}, {"name": "thread", "value": "13072-MainThread"}, {"name": "framework", "value": "pytest"}, {"name": "language", "value": "cpython3"}, {"name": "package", "value": "Test_scripts.Test_Stakify"}]}