{"name": "test_homepage_validation", "status": "broken", "statusDetails": {"message": "selenium.common.exceptions.ElementClickInterceptedException: Message: element click intercepted: Element is not clickable at point (855, 872)\n  (Session info: MicrosoftEdge=131.0.2903.99)\nStacktrace:\n\t(No symbol) [0x00007FF7EECC6B05]\n\tMicrosoft::Applications::Events::EventProperty::empty [0x00007FF7EEFEF464+1437348]\n\tsqlite3_dbdata_init [0x00007FF7EF092DB6+643206]\n\t(No symbol) [0x00007FF7EEBF2E8A]\n\t(No symbol) [0x00007FF7EEBF0FEC]\n\t(No symbol) [0x00007FF7EEBEEC27]\n\t(No symbol) [0x00007FF7EEBEDF29]\n\t(No symbol) [0x00007FF7EEBE3EB3]\n\t(No symbol) [0x00007FF7EEC0C19A]\n\t(No symbol) [0x00007FF7EEBE3437]\n\t(No symbol) [0x00007FF7EEBE32FD]\n\t(No symbol) [0x00007FF7EEC0C480]\n\t(No symbol) [0x00007FF7EEBE3437]\n\t(No symbol) [0x00007FF7EEC26BFF]\n\t(No symbol) [0x00007FF7EEC0BE03]\n\t(No symbol) [0x00007FF7EEBE2984]\n\t(No symbol) [0x00007FF7EEBE1E30]\n\t(No symbol) [0x00007FF7EEBE2571]\n\tMicrosoft::Applications::Events::EventProperty::empty [0x00007FF7EEF9BAF4+1094964]\n\t(No symbol) [0x00007FF7EED032B8]\n\tMicrosoft::Applications::Events::EventProperty::empty [0x00007FF7EEF9AF33+1091955]\n\tMicrosoft::Applications::Events::EventProperty::empty [0x00007FF7EEF9AA99+1090777]\n\tMicrosoft::Applications::Events::ILogConfiguration::operator* [0x00007FF7EEDA0CA1+461553]\n\tMicrosoft::Applications::Events::ILogConfiguration::operator* [0x00007FF7EED9C9C4+444436]\n\tMicrosoft::Applications::Events::ILogConfiguration::operator* [0x00007FF7EED9CB09+444761]\n\tMicrosoft::Applications::Events::ILogConfiguration::operator* [0x00007FF7EED92186+401366]\n\tBaseThreadInitThunk [0x00007FF8CE20259D+29]\n\tRtlUserThreadStart [0x00007FF8CFE6AF38+40]", "trace": "self = <Test_scripts.Test_Stakify.Test_Stakify_e2e object at 0x000002435A253110>\nreadJson = {'Email': 'jayannajay7@gmail.com', 'First_name': 'jayanna', 'Last_name': 'C', 'Note': 'Note added', ...}\n\n    def test_homepage_validation(self, readJson):\n        homepage = Stakify_page_object(self.driver)  # Activating the driver which we have created in supporting file (qualitrix_page_object.py).\n        homepage.launch_the_app(readJson['stakify_url'])\n        homepage.test_validate_url(readJson)\n        homepage.validate_headermenu()\n        homepage.test_mouseoveraction()\n        homepage.test_click_languages()\n        homepage.test_click_ruby()\n        homepage.test_validate_checkboxes()\n        homepage.click_review_doc_link()\n        homepage.test_validating_buttons()\n>       homepage.test_schedule_demo()\n\nTest_scripts\\Test_Stakify.py:23: \n_ _ _ _ _ _ _ _ _ _ _ _ _ _ _ _ _ _ _ _ _ _ _ _ _ _ _ _ _ _ _ _ _ _ _ _ _ _ _ _ _ _ _ _ _ _ _ _ _ _ _ _ _ _ _ _ _ _ _ _ _ _ _ _ _ _ _ _ _ _ _ \nPage_objects\\Stackify_pageobjects.py:149: in test_schedule_demo\n    self.driver.find_element(By.XPATH,Stackify_locators.schedule_demo()).click()\n.venv\\Lib\\site-packages\\selenium\\webdriver\\remote\\webelement.py:94: in click\n    self._execute(Command.CLICK_ELEMENT)\n.venv\\Lib\\site-packages\\selenium\\webdriver\\remote\\webelement.py:395: in _execute\n    return self._parent.execute(command, params)\n.venv\\Lib\\site-packages\\selenium\\webdriver\\remote\\webdriver.py:384: in execute\n    self.error_handler.check_response(response)\n_ _ _ _ _ _ _ _ _ _ _ _ _ _ _ _ _ _ _ _ _ _ _ _ _ _ _ _ _ _ _ _ _ _ _ _ _ _ _ _ _ _ _ _ _ _ _ _ _ _ _ _ _ _ _ _ _ _ _ _ _ _ _ _ _ _ _ _ _ _ _ \n\nself = <selenium.webdriver.remote.errorhandler.ErrorHandler object at 0x000002435A330D70>\nresponse = {'status': 400, 'value': '{\"value\":{\"error\":\"element click intercepted\",\"message\":\"element click intercepted: Element ...D92186+401366]\\\\n\\\\tBaseThreadInitThunk [0x00007FF8CE20259D+29]\\\\n\\\\tRtlUserThreadStart [0x00007FF8CFE6AF38+40]\\\\n\"}}'}\n\n    def check_response(self, response: Dict[str, Any]) -> None:\n        \"\"\"Checks that a JSON response from the WebDriver does not have an\n        error.\n    \n        :Args:\n         - response - The JSON response from the WebDriver server as a dictionary\n           object.\n    \n        :Raises: If the response contains an error message.\n        \"\"\"\n        status = response.get(\"status\", None)\n        if not status or status == ErrorCode.SUCCESS:\n            return\n        value = None\n        message = response.get(\"message\", \"\")\n        screen: str = response.get(\"screen\", \"\")\n        stacktrace = None\n        if isinstance(status, int):\n            value_json = response.get(\"value\", None)\n            if value_json and isinstance(value_json, str):\n                import json\n    \n                try:\n                    value = json.loads(value_json)\n                    if len(value) == 1:\n                        value = value[\"value\"]\n                    status = value.get(\"error\", None)\n                    if not status:\n                        status = value.get(\"status\", ErrorCode.UNKNOWN_ERROR)\n                        message = value.get(\"value\") or value.get(\"message\")\n                        if not isinstance(message, str):\n                            value = message\n                            message = message.get(\"message\")\n                    else:\n                        message = value.get(\"message\", None)\n                except ValueError:\n                    pass\n    \n        exception_class: Type[WebDriverException]\n        e = ErrorCode()\n        error_codes = [item for item in dir(e) if not item.startswith(\"__\")]\n        for error_code in error_codes:\n            error_info = getattr(ErrorCode, error_code)\n            if isinstance(error_info, list) and status in error_info:\n                exception_class = getattr(ExceptionMapping, error_code, WebDriverException)\n                break\n        else:\n            exception_class = WebDriverException\n    \n        if not value:\n            value = response[\"value\"]\n        if isinstance(value, str):\n            raise exception_class(value)\n        if message == \"\" and \"message\" in value:\n            message = value[\"message\"]\n    \n        screen = None  # type: ignore[assignment]\n        if \"screen\" in value:\n            screen = value[\"screen\"]\n    \n        stacktrace = None\n        st_value = value.get(\"stackTrace\") or value.get(\"stacktrace\")\n        if st_value:\n            if isinstance(st_value, str):\n                stacktrace = st_value.split(\"\\n\")\n            else:\n                stacktrace = []\n                try:\n                    for frame in st_value:\n                        line = frame.get(\"lineNumber\", \"\")\n                        file = frame.get(\"fileName\", \"<anonymous>\")\n                        if line:\n                            file = f\"{file}:{line}\"\n                        meth = frame.get(\"methodName\", \"<anonymous>\")\n                        if \"className\" in frame:\n                            meth = f\"{frame['className']}.{meth}\"\n                        msg = \"    at %s (%s)\"\n                        msg = msg % (meth, file)\n                        stacktrace.append(msg)\n                except TypeError:\n                    pass\n        if exception_class == UnexpectedAlertPresentException:\n            alert_text = None\n            if \"data\" in value:\n                alert_text = value[\"data\"].get(\"text\")\n            elif \"alert\" in value:\n                alert_text = value[\"alert\"].get(\"text\")\n            raise exception_class(message, screen, stacktrace, alert_text)  # type: ignore[call-arg]  # mypy is not smart enough here\n>       raise exception_class(message, screen, stacktrace)\nE       selenium.common.exceptions.ElementClickInterceptedException: Message: element click intercepted: Element is not clickable at point (855, 872)\nE         (Session info: MicrosoftEdge=131.0.2903.99)\nE       Stacktrace:\nE       \t(No symbol) [0x00007FF7EECC6B05]\nE       \tMicrosoft::Applications::Events::EventProperty::empty [0x00007FF7EEFEF464+1437348]\nE       \tsqlite3_dbdata_init [0x00007FF7EF092DB6+643206]\nE       \t(No symbol) [0x00007FF7EEBF2E8A]\nE       \t(No symbol) [0x00007FF7EEBF0FEC]\nE       \t(No symbol) [0x00007FF7EEBEEC27]\nE       \t(No symbol) [0x00007FF7EEBEDF29]\nE       \t(No symbol) [0x00007FF7EEBE3EB3]\nE       \t(No symbol) [0x00007FF7EEC0C19A]\nE       \t(No symbol) [0x00007FF7EEBE3437]\nE       \t(No symbol) [0x00007FF7EEBE32FD]\nE       \t(No symbol) [0x00007FF7EEC0C480]\nE       \t(No symbol) [0x00007FF7EEBE3437]\nE       \t(No symbol) [0x00007FF7EEC26BFF]\nE       \t(No symbol) [0x00007FF7EEC0BE03]\nE       \t(No symbol) [0x00007FF7EEBE2984]\nE       \t(No symbol) [0x00007FF7EEBE1E30]\nE       \t(No symbol) [0x00007FF7EEBE2571]\nE       \tMicrosoft::Applications::Events::EventProperty::empty [0x00007FF7EEF9BAF4+1094964]\nE       \t(No symbol) [0x00007FF7EED032B8]\nE       \tMicrosoft::Applications::Events::EventProperty::empty [0x00007FF7EEF9AF33+1091955]\nE       \tMicrosoft::Applications::Events::EventProperty::empty [0x00007FF7EEF9AA99+1090777]\nE       \tMicrosoft::Applications::Events::ILogConfiguration::operator* [0x00007FF7EEDA0CA1+461553]\nE       \tMicrosoft::Applications::Events::ILogConfiguration::operator* [0x00007FF7EED9C9C4+444436]\nE       \tMicrosoft::Applications::Events::ILogConfiguration::operator* [0x00007FF7EED9CB09+444761]\nE       \tMicrosoft::Applications::Events::ILogConfiguration::operator* [0x00007FF7EED92186+401366]\nE       \tBaseThreadInitThunk [0x00007FF8CE20259D+29]\nE       \tRtlUserThreadStart [0x00007FF8CFE6AF38+40]\n\n.venv\\Lib\\site-packages\\selenium\\webdriver\\remote\\errorhandler.py:232: ElementClickInterceptedException"}, "attachments": [{"name": "stdout", "source": "e4ad7b8a-cd16-4c73-bc50-201714cb20a3-attachment.txt", "type": "text/plain"}], "start": 1734444249664, "stop": 1734444291269, "uuid": "03882a8a-6784-4a2c-af76-5fa02f5c097a", "historyId": "2393f4ccffd77055625fee7edbe16d29", "testCaseId": "2393f4ccffd77055625fee7edbe16d29", "fullName": "Test_scripts.Test_Stakify.Test_Stakify_e2e#test_homepage_validation", "labels": [{"name": "tag", "value": "@pytest.mark.usefixtures('browser_crbt')"}, {"name": "parentSuite", "value": "Test_scripts"}, {"name": "suite", "value": "Test_Stakify"}, {"name": "subSuite", "value": "Test_Stakify_e2e"}, {"name": "host", "value": "Jayanna"}, {"name": "thread", "value": "15768-MainThread"}, {"name": "framework", "value": "pytest"}, {"name": "language", "value": "cpython3"}, {"name": "package", "value": "Test_scripts.Test_Stakify"}]}